# JRE version: Java(TM) SE Runtime Environment Oracle GraalVM 21.0.7+8.1 (21.0.7+8) (build 21.0.7+8-LTS-jvmci-23.1-b60)
# Java VM: Java HotSpot(TM) 64-Bit Server VM Oracle GraalVM 21.0.7+8.1 (21.0.7+8-LTS-jvmci-23.1-b60, mixed mode, sharing, tiered, jvmci, jvmci compiler, compressed oops, compressed class ptrs, serial gc, windows-amd64)
GC Precious Log:
 CardTable entry size: 512
 CPUs: 8 total, 8 available
 Memory: 7834M
 Large Page Support: Disabled
 NUMA Support: Disabled
 Compressed Oops: Enabled (32-bit)
 Heap Min Capacity: 64M
 Heap Initial Capacity: 64M
 Heap Max Capacity: 512M
 Pre-touch: Disabled
Heap:
 def new generation   total 19648K, used 2610K [0x00000000e0000000, 0x00000000e1550000, 0x00000000eaaa0000)
  eden space 17472K,   2% used [0x00000000e0000000, 0x00000000e006c960, 0x00000000e1110000)
  from space 2176K,  99% used [0x00000000e1110000, 0x00000000e132fff8, 0x00000000e1330000)
  to   space 2176K,   0% used [0x00000000e1330000, 0x00000000e1330000, 0x00000000e1550000)
 tenured generation   total 43712K, used 8640K [0x00000000eaaa0000, 0x00000000ed550000, 0x0000000100000000)
   the space 43712K,  19% used [0x00000000eaaa0000, 0x00000000eb310370, 0x00000000eb310400, 0x00000000ed550000)
 Metaspace       used 5708K, committed 5888K, reserved 1114112K
  class space    used 687K, committed 768K, reserved 1048576K
GC Heap History (4 events):
Event: 0.337 GC heap before
{Heap before GC invocations=0 (full 0):
 def new generation   total 19648K, used 17472K [0x00000000e0000000, 0x00000000e1550000, 0x00000000eaaa0000)
  eden space 17472K, 100% used [0x00000000e0000000, 0x00000000e1110000, 0x00000000e1110000)
  from space 2176K,   0% used [0x00000000e1110000, 0x00000000e1110000, 0x00000000e1330000)
  to   space 2176K,   0% used [0x00000000e1330000, 0x00000000e1330000, 0x00000000e1550000)
 tenured generation   total 43712K, used 0K [0x00000000eaaa0000, 0x00000000ed550000, 0x0000000100000000)
   the space 43712K,   0% used [0x00000000eaaa0000, 0x00000000eaaa0000, 0x00000000eaaa0200, 0x00000000ed550000)
 Metaspace       used 2295K, committed 2496K, reserved 1114112K
  class space    used 184K, committed 256K, reserved 1048576K
}
Event: 0.341 GC heap after
{Heap after GC invocations=1 (full 0):
 def new generation   total 19648K, used 2176K [0x00000000e0000000, 0x00000000e1550000, 0x00000000eaaa0000)
  eden space 17472K,   0% used [0x00000000e0000000, 0x00000000e0000000, 0x00000000e1110000)
  from space 2176K, 100% used [0x00000000e1330000, 0x00000000e1550000, 0x00000000e1550000)
  to   space 2176K,   0% used [0x00000000e1110000, 0x00000000e1110000, 0x00000000e1330000)
 tenured generation   total 43712K, used 1769K [0x00000000eaaa0000, 0x00000000ed550000, 0x0000000100000000)
   the space 43712K,   4% used [0x00000000eaaa0000, 0x00000000eac5a700, 0x00000000eac5a800, 0x00000000ed550000)
 Metaspace       used 2295K, committed 2496K, reserved 1114112K
  class space    used 184K, committed 256K, reserved 1048576K
}
Event: 0.626 GC heap before
{Heap before GC invocations=1 (full 0):
 def new generation   total 19648K, used 19648K [0x00000000e0000000, 0x00000000e1550000, 0x00000000eaaa0000)
  eden space 17472K, 100% used [0x00000000e0000000, 0x00000000e1110000, 0x00000000e1110000)
  from space 2176K, 100% used [0x00000000e1330000, 0x00000000e1550000, 0x00000000e1550000)
  to   space 2176K,   0% used [0x00000000e1110000, 0x00000000e1110000, 0x00000000e1330000)
 tenured generation   total 43712K, used 1769K [0x00000000eaaa0000, 0x00000000ed550000, 0x0000000100000000)
   the space 43712K,   4% used [0x00000000eaaa0000, 0x00000000eac5a700, 0x00000000eac5a800, 0x00000000ed550000)
 Metaspace       used 5618K, committed 5824K, reserved 1114112K
  class space    used 675K, committed 768K, reserved 1048576K
}
Event: 0.635 GC heap after
{Heap after GC invocations=2 (full 0):
 def new generation   total 19648K, used 2175K [0x00000000e0000000, 0x00000000e1550000, 0x00000000eaaa0000)
  eden space 17472K,   0% used [0x00000000e0000000, 0x00000000e0000000, 0x00000000e1110000)
  from space 2176K,  99% used [0x00000000e1110000, 0x00000000e132fff8, 0x00000000e1330000)
  to   space 2176K,   0% used [0x00000000e1330000, 0x00000000e1330000, 0x00000000e1550000)
 tenured generation   total 43712K, used 8640K [0x00000000eaaa0000, 0x00000000ed550000, 0x0000000100000000)
   the space 43712K,  19% used [0x00000000eaaa0000, 0x00000000eb310370, 0x00000000eb310400, 0x00000000ed550000)
 Metaspace       used 5618K, committed 5824K, reserved 1114112K
  class space    used 675K, committed 768K, reserved 1048576K
}

